<?xml version="1.0" encoding="UTF-8"?>
<!-- Generated by org.testng.reporters.JUnitXMLReporter -->
<testsuite ignored="0" hostname="ASUS" failures="0" tests="2" name="Negative Testing" time="65.651" errors="0" timestamp="2020-07-31T14:07:44 IST">
  <testcase classname="com.UrbanLadder.TestCases.Negative_Testing" name="Negative_Testing_SignUpPopup" time="7.964"/>
  <testcase classname="com.UrbanLadder.TestCases.Negative_Testing" name="Negative_Testing__TrackOrders" time="16.351"/>
</testsuite> <!-- Negative Testing -->
