<?xml version="1.0" encoding="UTF-8"?>
<!-- Generated by org.testng.reporters.JUnitXMLReporter -->
<testsuite ignored="0" hostname="ASUS" failures="0" tests="18" name="Positive Testing" time="146.37" errors="0" timestamp="2020-07-24T01:23:45 IST">
  <testcase classname="com.UrbanLadder.TestCases.Positive_Testing" name="Homepage" time="31.718"/>
  <testcase classname="com.UrbanLadder.TestCases.Positive_Testing" name="ImplicitWait" time="0.17"/>
  <testcase classname="com.UrbanLadder.TestCases.Positive_Testing" name="PopUpClose" time="0.304"/>
  <testcase classname="com.UrbanLadder.TestCases.Positive_Testing" name="Search_Bookshelves" time="2.898"/>
  <testcase classname="com.UrbanLadder.TestCases.Positive_Testing" name="SelectCategoryForBookshelves" time="4.164"/>
  <testcase classname="com.UrbanLadder.TestCases.Positive_Testing" name="Select_Bookshelf_Price" time="4.184"/>
  <testcase classname="com.UrbanLadder.TestCases.Positive_Testing" name="HoverOverStorageType" time="1.218"/>
  <testcase classname="com.UrbanLadder.TestCases.Positive_Testing" name="SelectOpenStorage" time="19.169"/>
  <testcase classname="com.UrbanLadder.TestCases.Positive_Testing" name="AssertionCheckForBookshelves" time="0.046"/>
  <testcase classname="com.UrbanLadder.TestCases.Positive_Testing" name="Bookshelves_ScreenShot" time="1.237"/>
  <testcase classname="com.UrbanLadder.TestCases.Positive_Testing" name="WriteExcelBookshelves" time="0.299"/>
  <testcase classname="com.UrbanLadder.TestCases.Positive_Testing" name="Search_StudyChairs" time="2.244"/>
  <testcase classname="com.UrbanLadder.TestCases.Positive_Testing" name="SelectCategoryForStudyChairs" time="5.132"/>
  <testcase classname="com.UrbanLadder.TestCases.Positive_Testing" name="AssertionCheckForStudyChairs" time="0.048"/>
  <testcase classname="com.UrbanLadder.TestCases.Positive_Testing" name="Study_Chairs_ScreenShot" time="1.22"/>
  <testcase classname="com.UrbanLadder.TestCases.Positive_Testing" name="WriteExcelChairs" time="1.201"/>
  <testcase classname="com.UrbanLadder.TestCases.Positive_Testing" name="Search_Table" time="56.696"/>
  <testcase classname="com.UrbanLadder.TestCases.Positive_Testing" name="Select_Table" time="14.379"/>
</testsuite> <!-- Positive Testing -->
