<?xml version="1.0" encoding="UTF-8"?>
<!-- Generated by org.testng.reporters.JUnitXMLReporter -->
<testsuite ignored="0" hostname="LAPTOP-CEBP39CR" failures="0" tests="19" name="Test" time="116.194" errors="0" timestamp="2020-07-18T17:04:08 IST">
  <testcase classname="com.UrbanLadder.TestCases.Negative_Testing" name="Negative1" time="23.403"/>
  <testcase classname="com.UrbanLadder.TestCases.Negative_Testing" name="Negative2" time="22.892"/>
  <testcase classname="com.UrbanLadder.TestCases.Positive_Testing" name="Homepage" time="6.785"/>
  <testcase classname="com.UrbanLadder.TestCases.Positive_Testing" name="ImplicitWait" time="9.603"/>
  <testcase classname="com.UrbanLadder.TestCases.Positive_Testing" name="PopUpClose" time="0.106"/>
  <testcase classname="com.UrbanLadder.TestCases.Positive_Testing" name="Search_Bookshelves" time="1.62"/>
  <testcase classname="com.UrbanLadder.TestCases.Positive_Testing" name="SelectCategoryForBookshelves" time="2.271"/>
  <testcase classname="com.UrbanLadder.TestCases.Positive_Testing" name="Select_Bookshelf_Price" time="2.158"/>
  <testcase classname="com.UrbanLadder.TestCases.Positive_Testing" name="HoverOverStorageType" time="0.142"/>
  <testcase classname="com.UrbanLadder.TestCases.Positive_Testing" name="SelectOpenStorage" time="4.104"/>
  <testcase classname="com.UrbanLadder.TestCases.Positive_Testing" name="AssertionCheckForBookshelves" time="0.098"/>
  <testcase classname="com.UrbanLadder.TestCases.Positive_Testing" name="WriteExcelBookshelves" time="0.278"/>
  <testcase classname="com.UrbanLadder.TestCases.Positive_Testing" name="Search_StudyChairs" time="1.899"/>
  <testcase classname="com.UrbanLadder.TestCases.Positive_Testing" name="SelectCategoryForStudyChairs" time="2.281"/>
  <testcase classname="com.UrbanLadder.TestCases.Positive_Testing" name="AssertionCheckForStudyChairs" time="0.05"/>
  <testcase classname="com.UrbanLadder.TestCases.Positive_Testing" name="Study_Chairs_ScreenShot" time="0.659"/>
  <testcase classname="com.UrbanLadder.TestCases.Positive_Testing" name="WriteExcelChairs" time="0.894"/>
  <testcase classname="com.UrbanLadder.TestCases.Positive_Testing" name="Search_Table" time="29.823"/>
  <testcase classname="com.UrbanLadder.TestCases.Positive_Testing" name="Select_Table" time="7.064"/>
</testsuite> <!-- Test -->
