<?xml version="1.0" encoding="UTF-8"?>
<!-- Generated by org.testng.reporters.JUnitXMLReporter -->
<testsuite ignored="0" hostname="LAPTOP-CEBP39CR" failures="0" tests="2" name="Negative Testing" time="51.807" errors="0" timestamp="28 Jul 2020 07:35:37 GMT">
  <testcase classname="com.UrbanLadder.TestCases.Negative_Testing" name="Negative_Testing_SignUpPopup" time="18.085"/>
  <testcase classname="com.UrbanLadder.TestCases.Negative_Testing" name="Negative_Testing__TrackOrders" time="18.229"/>
</testsuite> <!-- Negative Testing -->
