<?xml version="1.0" encoding="UTF-8"?>
<!-- Generated by org.testng.reporters.JUnitXMLReporter -->
<testsuite ignored="0" hostname="LAPTOP-CEBP39CR" failures="0" tests="18" name="Positive Testing" time="93.501" errors="0" timestamp="28 Jul 2020 07:34:46 GMT">
  <testcase classname="com.UrbanLadder.TestCases.Positive_Testing" name="Homepage" time="9.335"/>
  <testcase classname="com.UrbanLadder.TestCases.Positive_Testing" name="ImplicitWait" time="10.052"/>
  <testcase classname="com.UrbanLadder.TestCases.Positive_Testing" name="PopUpClose" time="0.16"/>
  <testcase classname="com.UrbanLadder.TestCases.Positive_Testing" name="Search_Bookshelves" time="3.462"/>
  <testcase classname="com.UrbanLadder.TestCases.Positive_Testing" name="SelectCategoryForBookshelves" time="4.263"/>
  <testcase classname="com.UrbanLadder.TestCases.Positive_Testing" name="Select_Bookshelf_Price" time="4.317"/>
  <testcase classname="com.UrbanLadder.TestCases.Positive_Testing" name="HoverOverStorageType" time="1.221"/>
  <testcase classname="com.UrbanLadder.TestCases.Positive_Testing" name="SelectOpenStorage" time="5.169"/>
  <testcase classname="com.UrbanLadder.TestCases.Positive_Testing" name="AssertionCheckForBookshelves" time="0.079"/>
  <testcase classname="com.UrbanLadder.TestCases.Positive_Testing" name="Bookshelves_ScreenShot" time="2.066"/>
  <testcase classname="com.UrbanLadder.TestCases.Positive_Testing" name="WriteExcelBookshelves" time="0.56"/>
  <testcase classname="com.UrbanLadder.TestCases.Positive_Testing" name="Search_StudyChairs" time="3.464"/>
  <testcase classname="com.UrbanLadder.TestCases.Positive_Testing" name="SelectCategoryForStudyChairs" time="5.249"/>
  <testcase classname="com.UrbanLadder.TestCases.Positive_Testing" name="AssertionCheckForStudyChairs" time="0.058"/>
  <testcase classname="com.UrbanLadder.TestCases.Positive_Testing" name="Study_Chairs_ScreenShot" time="1.638"/>
  <testcase classname="com.UrbanLadder.TestCases.Positive_Testing" name="WriteExcelChairs" time="1.457"/>
  <testcase classname="com.UrbanLadder.TestCases.Positive_Testing" name="Search_Table" time="32.053"/>
  <testcase classname="com.UrbanLadder.TestCases.Positive_Testing" name="Select_Table" time="8.851"/>
</testsuite> <!-- Positive Testing -->
