<?xml version="1.0" encoding="UTF-8"?>
<testng-results ignored="0" total="20" passed="20" failed="0" skipped="0">
  <reporter-output>
  </reporter-output>
  <suite started-at="2020-07-28T07:33:12Z" name="Suite" finished-at="2020-07-28T07:35:37Z" duration-ms="145428">
    <groups>
    </groups>
    <test started-at="2020-07-28T07:33:12Z" name="Positive Testing" finished-at="2020-07-28T07:34:45Z" duration-ms="93501">
      <class name="com.UrbanLadder.TestCases.Positive_Testing">
        <test-method signature="Homepage()[pri:1, instance:com.UrbanLadder.TestCases.Positive_Testing@4a8a60bc]" started-at="2020-07-28T07:33:12Z" name="Homepage" finished-at="2020-07-28T07:33:21Z" duration-ms="9335" status="PASS">
          <reporter-output>
          </reporter-output>
        </test-method> <!-- Homepage -->
        <test-method signature="ImplicitWait()[pri:2, instance:com.UrbanLadder.TestCases.Positive_Testing@4a8a60bc]" started-at="2020-07-28T07:33:21Z" name="ImplicitWait" finished-at="2020-07-28T07:33:31Z" duration-ms="10052" status="PASS">
          <reporter-output>
          </reporter-output>
        </test-method> <!-- ImplicitWait -->
        <test-method signature="PopUpClose()[pri:3, instance:com.UrbanLadder.TestCases.Positive_Testing@4a8a60bc]" started-at="2020-07-28T07:33:31Z" name="PopUpClose" finished-at="2020-07-28T07:33:32Z" duration-ms="160" status="PASS">
          <reporter-output>
          </reporter-output>
        </test-method> <!-- PopUpClose -->
        <test-method signature="Search_Bookshelves()[pri:4, instance:com.UrbanLadder.TestCases.Positive_Testing@4a8a60bc]" started-at="2020-07-28T07:33:32Z" name="Search_Bookshelves" finished-at="2020-07-28T07:33:35Z" duration-ms="3462" status="PASS">
          <reporter-output>
          </reporter-output>
        </test-method> <!-- Search_Bookshelves -->
        <test-method signature="SelectCategoryForBookshelves()[pri:5, instance:com.UrbanLadder.TestCases.Positive_Testing@4a8a60bc]" started-at="2020-07-28T07:33:35Z" name="SelectCategoryForBookshelves" finished-at="2020-07-28T07:33:39Z" duration-ms="4263" status="PASS">
          <reporter-output>
          </reporter-output>
        </test-method> <!-- SelectCategoryForBookshelves -->
        <test-method signature="Select_Bookshelf_Price()[pri:6, instance:com.UrbanLadder.TestCases.Positive_Testing@4a8a60bc]" started-at="2020-07-28T07:33:39Z" name="Select_Bookshelf_Price" finished-at="2020-07-28T07:33:44Z" duration-ms="4317" status="PASS">
          <reporter-output>
          </reporter-output>
        </test-method> <!-- Select_Bookshelf_Price -->
        <test-method signature="HoverOverStorageType()[pri:7, instance:com.UrbanLadder.TestCases.Positive_Testing@4a8a60bc]" started-at="2020-07-28T07:33:44Z" name="HoverOverStorageType" finished-at="2020-07-28T07:33:45Z" duration-ms="1221" status="PASS">
          <reporter-output>
          </reporter-output>
        </test-method> <!-- HoverOverStorageType -->
        <test-method signature="SelectOpenStorage()[pri:8, instance:com.UrbanLadder.TestCases.Positive_Testing@4a8a60bc]" started-at="2020-07-28T07:33:45Z" name="SelectOpenStorage" finished-at="2020-07-28T07:33:50Z" duration-ms="5169" status="PASS">
          <reporter-output>
          </reporter-output>
        </test-method> <!-- SelectOpenStorage -->
        <test-method signature="AssertionCheckForBookshelves()[pri:9, instance:com.UrbanLadder.TestCases.Positive_Testing@4a8a60bc]" started-at="2020-07-28T07:33:50Z" name="AssertionCheckForBookshelves" finished-at="2020-07-28T07:33:50Z" duration-ms="79" status="PASS">
          <reporter-output>
          </reporter-output>
        </test-method> <!-- AssertionCheckForBookshelves -->
        <test-method signature="Bookshelves_ScreenShot()[pri:10, instance:com.UrbanLadder.TestCases.Positive_Testing@4a8a60bc]" started-at="2020-07-28T07:33:50Z" name="Bookshelves_ScreenShot" finished-at="2020-07-28T07:33:52Z" duration-ms="2066" status="PASS">
          <reporter-output>
          </reporter-output>
        </test-method> <!-- Bookshelves_ScreenShot -->
        <test-method signature="WriteExcelBookshelves()[pri:11, instance:com.UrbanLadder.TestCases.Positive_Testing@4a8a60bc]" started-at="2020-07-28T07:33:52Z" name="WriteExcelBookshelves" finished-at="2020-07-28T07:33:53Z" duration-ms="560" status="PASS">
          <reporter-output>
          </reporter-output>
        </test-method> <!-- WriteExcelBookshelves -->
        <test-method signature="Search_StudyChairs()[pri:12, instance:com.UrbanLadder.TestCases.Positive_Testing@4a8a60bc]" started-at="2020-07-28T07:33:53Z" name="Search_StudyChairs" finished-at="2020-07-28T07:33:56Z" duration-ms="3464" status="PASS">
          <reporter-output>
          </reporter-output>
        </test-method> <!-- Search_StudyChairs -->
        <test-method signature="SelectCategoryForStudyChairs()[pri:13, instance:com.UrbanLadder.TestCases.Positive_Testing@4a8a60bc]" started-at="2020-07-28T07:33:56Z" name="SelectCategoryForStudyChairs" finished-at="2020-07-28T07:34:01Z" duration-ms="5249" status="PASS">
          <reporter-output>
          </reporter-output>
        </test-method> <!-- SelectCategoryForStudyChairs -->
        <test-method signature="AssertionCheckForStudyChairs()[pri:14, instance:com.UrbanLadder.TestCases.Positive_Testing@4a8a60bc]" started-at="2020-07-28T07:34:01Z" name="AssertionCheckForStudyChairs" finished-at="2020-07-28T07:34:01Z" duration-ms="58" status="PASS">
          <reporter-output>
          </reporter-output>
        </test-method> <!-- AssertionCheckForStudyChairs -->
        <test-method signature="Study_Chairs_ScreenShot()[pri:15, instance:com.UrbanLadder.TestCases.Positive_Testing@4a8a60bc]" started-at="2020-07-28T07:34:01Z" name="Study_Chairs_ScreenShot" finished-at="2020-07-28T07:34:03Z" duration-ms="1638" status="PASS">
          <reporter-output>
          </reporter-output>
        </test-method> <!-- Study_Chairs_ScreenShot -->
        <test-method signature="WriteExcelChairs()[pri:16, instance:com.UrbanLadder.TestCases.Positive_Testing@4a8a60bc]" started-at="2020-07-28T07:34:03Z" name="WriteExcelChairs" finished-at="2020-07-28T07:34:05Z" duration-ms="1457" status="PASS">
          <reporter-output>
          </reporter-output>
        </test-method> <!-- WriteExcelChairs -->
        <test-method signature="Search_Table()[pri:17, instance:com.UrbanLadder.TestCases.Positive_Testing@4a8a60bc]" started-at="2020-07-28T07:34:05Z" name="Search_Table" finished-at="2020-07-28T07:34:37Z" duration-ms="32053" status="PASS">
          <reporter-output>
          </reporter-output>
        </test-method> <!-- Search_Table -->
        <test-method signature="Select_Table()[pri:18, instance:com.UrbanLadder.TestCases.Positive_Testing@4a8a60bc]" started-at="2020-07-28T07:34:37Z" name="Select_Table" finished-at="2020-07-28T07:34:45Z" duration-ms="8851" status="PASS">
          <reporter-output>
          </reporter-output>
        </test-method> <!-- Select_Table -->
      </class> <!-- com.UrbanLadder.TestCases.Positive_Testing -->
    </test> <!-- Positive Testing -->
    <test started-at="2020-07-28T07:34:46Z" name="Negative Testing" finished-at="2020-07-28T07:35:37Z" duration-ms="51807">
      <class name="com.UrbanLadder.TestCases.Negative_Testing">
        <test-method is-config="true" signature="openbrowser()[pri:0, instance:com.UrbanLadder.TestCases.Negative_Testing@62923ee6]" started-at="2020-07-28T07:34:46Z" name="openbrowser" finished-at="2020-07-28T07:34:53Z" duration-ms="7021" status="PASS">
          <reporter-output>
          </reporter-output>
        </test-method> <!-- openbrowser -->
        <test-method signature="Negative_Testing_SignUpPopup()[pri:1, instance:com.UrbanLadder.TestCases.Negative_Testing@62923ee6]" started-at="2020-07-28T07:34:53Z" name="Negative_Testing_SignUpPopup" finished-at="2020-07-28T07:35:11Z" duration-ms="18085" status="PASS">
          <reporter-output>
          </reporter-output>
        </test-method> <!-- Negative_Testing_SignUpPopup -->
        <test-method is-config="true" signature="closebrowser()[pri:0, instance:com.UrbanLadder.TestCases.Negative_Testing@62923ee6]" started-at="2020-07-28T07:35:11Z" name="closebrowser" finished-at="2020-07-28T07:35:11Z" duration-ms="750" status="PASS">
          <reporter-output>
          </reporter-output>
        </test-method> <!-- closebrowser -->
        <test-method is-config="true" signature="openbrowser()[pri:0, instance:com.UrbanLadder.TestCases.Negative_Testing@62923ee6]" started-at="2020-07-28T07:35:11Z" name="openbrowser" finished-at="2020-07-28T07:35:18Z" duration-ms="6990" status="PASS">
          <reporter-output>
          </reporter-output>
        </test-method> <!-- openbrowser -->
        <test-method signature="Negative_Testing__TrackOrders()[pri:2, instance:com.UrbanLadder.TestCases.Negative_Testing@62923ee6]" started-at="2020-07-28T07:35:18Z" name="Negative_Testing__TrackOrders" finished-at="2020-07-28T07:35:37Z" duration-ms="18229" status="PASS">
          <reporter-output>
          </reporter-output>
        </test-method> <!-- Negative_Testing__TrackOrders -->
        <test-method is-config="true" signature="closebrowser()[pri:0, instance:com.UrbanLadder.TestCases.Negative_Testing@62923ee6]" started-at="2020-07-28T07:35:37Z" name="closebrowser" finished-at="2020-07-28T07:35:37Z" duration-ms="727" status="PASS">
          <reporter-output>
          </reporter-output>
        </test-method> <!-- closebrowser -->
      </class> <!-- com.UrbanLadder.TestCases.Negative_Testing -->
    </test> <!-- Negative Testing -->
  </suite> <!-- Suite -->
</testng-results>
