<?xml version="1.0" encoding="UTF-8"?>
<testsuite name="TestSuite" time="129.777" tests="20" errors="0" skipped="0" failures="0">
  <properties>
[...]
</properties>
  <testcase name="Homepage" classname="com.UrbanLadder.TestCases.Positive_Testing" time="9.337"/>
  <testcase name="ImplicitWait" classname="com.UrbanLadder.TestCases.Positive_Testing" time="10.053"/>
  <testcase name="PopUpClose" classname="com.UrbanLadder.TestCases.Positive_Testing" time="0.16"/>
  <testcase name="Search_Bookshelves" classname="com.UrbanLadder.TestCases.Positive_Testing" time="3.461"/>
  <testcase name="SelectCategoryForBookshelves" classname="com.UrbanLadder.TestCases.Positive_Testing" time="4.263"/>
  <testcase name="Select_Bookshelf_Price" classname="com.UrbanLadder.TestCases.Positive_Testing" time="4.317"/>
  <testcase name="HoverOverStorageType" classname="com.UrbanLadder.TestCases.Positive_Testing" time="1.221"/>
  <testcase name="SelectOpenStorage" classname="com.UrbanLadder.TestCases.Positive_Testing" time="5.169"/>
  <testcase name="AssertionCheckForBookshelves" classname="com.UrbanLadder.TestCases.Positive_Testing" time="0.079"/>
  <testcase name="Bookshelves_ScreenShot" classname="com.UrbanLadder.TestCases.Positive_Testing" time="2.066"/>
  <testcase name="WriteExcelBookshelves" classname="com.UrbanLadder.TestCases.Positive_Testing" time="0.56"/>
  <testcase name="Search_StudyChairs" classname="com.UrbanLadder.TestCases.Positive_Testing" time="3.467"/>
  <testcase name="SelectCategoryForStudyChairs" classname="com.UrbanLadder.TestCases.Positive_Testing" time="5.249"/>
  <testcase name="AssertionCheckForStudyChairs" classname="com.UrbanLadder.TestCases.Positive_Testing" time="0.06"/>
  <testcase name="Study_Chairs_ScreenShot" classname="com.UrbanLadder.TestCases.Positive_Testing" time="1.639"/>
  <testcase name="WriteExcelChairs" classname="com.UrbanLadder.TestCases.Positive_Testing" time="1.457"/>
  <testcase name="Search_Table" classname="com.UrbanLadder.TestCases.Positive_Testing" time="32.053"/>
  <testcase name="Select_Table" classname="com.UrbanLadder.TestCases.Positive_Testing" time="8.851"/>
  <testcase name="Negative_Testing_SignUpPopup" classname="com.UrbanLadder.TestCases.Negative_Testing" time="18.085"/>
  <testcase name="Negative_Testing__TrackOrders" classname="com.UrbanLadder.TestCases.Negative_Testing" time="18.23"/>
</testsuite>