<?xml version="1.0" encoding="UTF-8"?>
<testsuite name="TestSuite" time="130.531" tests="20" errors="0" skipped="0" failures="2">
  <properties>
[...]
</properties>
  <testcase name="Homepage" classname="com.UrbanLadder.TestCases.Positive_Testing" time="10.426"/>
  <testcase name="ImplicitWait" classname="com.UrbanLadder.TestCases.Positive_Testing" time="7.24"/>
  <testcase name="PopUpClose" classname="com.UrbanLadder.TestCases.Positive_Testing" time="0.186"/>
  <testcase name="Search_Bookshelves" classname="com.UrbanLadder.TestCases.Positive_Testing" time="2.662"/>
  <testcase name="SelectCategoryForBookshelves" classname="com.UrbanLadder.TestCases.Positive_Testing" time="4.32"/>
  <testcase name="Select_Bookshelf_Price" classname="com.UrbanLadder.TestCases.Positive_Testing" time="4.421"/>
  <testcase name="HoverOverStorageType" classname="com.UrbanLadder.TestCases.Positive_Testing" time="1.242"/>
  <testcase name="SelectOpenStorage" classname="com.UrbanLadder.TestCases.Positive_Testing" time="6.69"/>
  <testcase name="AssertionCheckForBookshelves" classname="com.UrbanLadder.TestCases.Positive_Testing" time="0.085"/>
  <testcase name="Bookshelves_ScreenShot" classname="com.UrbanLadder.TestCases.Positive_Testing" time="1.569"/>
  <testcase name="WriteExcelBookshelves" classname="com.UrbanLadder.TestCases.Positive_Testing" time="0.55"/>
  <testcase name="Search_StudyChairs" classname="com.UrbanLadder.TestCases.Positive_Testing" time="4.13"/>
  <testcase name="SelectCategoryForStudyChairs" classname="com.UrbanLadder.TestCases.Positive_Testing" time="5.3"/>
  <testcase name="AssertionCheckForStudyChairs" classname="com.UrbanLadder.TestCases.Positive_Testing" time="0.083"/>
  <testcase name="Study_Chairs_ScreenShot" classname="com.UrbanLadder.TestCases.Positive_Testing" time="1.545"/>
  <testcase name="WriteExcelChairs" classname="com.UrbanLadder.TestCases.Positive_Testing" time="1.484"/>
  <testcase name="Search_Table" classname="com.UrbanLadder.TestCases.Positive_Testing" time="29.73"/>
  <testcase name="Select_Table" classname="com.UrbanLadder.TestCases.Positive_Testing" time="11.843"/>
  <testcase name="Negative_Testing_SignUpPopup" classname="com.UrbanLadder.TestCases.Negative_Testing" time="16.413">
    <failure message="Negative Testing SignUp PopUp #1 PASSED, Please enter a valid email address." type="java.lang.AssertionError">java.lang.AssertionError: Negative Testing SignUp PopUp #1 PASSED, Please enter a valid email address.
	at org.testng.Assert.fail(Assert.java:96)
	at com.UrbanLadder.BaseClass.ReUseable_Classes.reportFail(ReUseable_Classes.java:46)
	at com.UrbanLadder.BaseClass.Useable_Classes.negative_testing_SignupPopup(Useable_Classes.java:452)
	at com.UrbanLadder.TestCases.Negative_Testing.Negative_Testing_SignUpPopup(Negative_Testing.java:45)
</failure>
    <system-err><![CDATA[Starting ChromeDriver 83.0.4103.39 (ccbf011cb2d2b19b506d844400483861342c20cd-refs/branch-heads/4103@{#416}) on port 39054
Only local connections are allowed.
Please see https://chromedriver.chromium.org/security-considerations for suggestions on keeping ChromeDriver safe.
ChromeDriver was started successfully.
[1595530651.758][WARNING]: This version of ChromeDriver has not been tested with Chrome version 84.
Jul 24, 2020 12:27:32 AM org.openqa.selenium.remote.ProtocolHandshake createSession
INFO: Detected dialect: W3C
]]></system-err>
  </testcase>
  <testcase name="Negative_Testing__TrackOrders" classname="com.UrbanLadder.TestCases.Negative_Testing" time="20.612">
    <failure message="Negative Testing Track Orders #2 PASSED, Please enter valid 10 digit mobile number" type="java.lang.AssertionError">java.lang.AssertionError: Negative Testing Track Orders #2 PASSED, Please enter valid 10 digit mobile number
	at org.testng.Assert.fail(Assert.java:96)
	at com.UrbanLadder.BaseClass.ReUseable_Classes.reportFail(ReUseable_Classes.java:46)
	at com.UrbanLadder.BaseClass.Useable_Classes.negative_testing_TrackOrders(Useable_Classes.java:523)
	at com.UrbanLadder.TestCases.Negative_Testing.Negative_Testing__TrackOrders(Negative_Testing.java:67)
</failure>
    <system-err><![CDATA[Starting ChromeDriver 83.0.4103.39 (ccbf011cb2d2b19b506d844400483861342c20cd-refs/branch-heads/4103@{#416}) on port 10607
Only local connections are allowed.
Please see https://chromedriver.chromium.org/security-considerations for suggestions on keeping ChromeDriver safe.
ChromeDriver was started successfully.
[1595530686.863][WARNING]: This version of ChromeDriver has not been tested with Chrome version 84.
Jul 24, 2020 12:28:07 AM org.openqa.selenium.remote.ProtocolHandshake createSession
INFO: Detected dialect: W3C
]]></system-err>
  </testcase>
</testsuite>