<?xml version="1.0" encoding="UTF-8"?>
<testng-results ignored="0" total="20" passed="20" failed="0" skipped="0">
  <reporter-output>
  </reporter-output>
  <suite started-at="2020-07-31T14:05:02 IST" name="Suite" finished-at="2020-07-31T14:07:44 IST" duration-ms="161610">
    <groups>
    </groups>
    <test started-at="2020-07-31T14:05:02 IST" name="Positive Testing" finished-at="2020-07-31T14:06:38 IST" duration-ms="95929">
      <class name="com.UrbanLadder.TestCases.Positive_Testing">
        <test-method signature="Homepage()[pri:1, instance:com.UrbanLadder.TestCases.Positive_Testing@c9413d8]" started-at="2020-07-31T14:05:02 IST" name="Homepage" finished-at="2020-07-31T14:05:12 IST" duration-ms="9819" status="PASS">
          <reporter-output>
          </reporter-output>
        </test-method> <!-- Homepage -->
        <test-method signature="ImplicitWait()[pri:2, instance:com.UrbanLadder.TestCases.Positive_Testing@c9413d8]" started-at="2020-07-31T14:05:12 IST" name="ImplicitWait" finished-at="2020-07-31T14:05:20 IST" duration-ms="7852" status="PASS">
          <reporter-output>
          </reporter-output>
        </test-method> <!-- ImplicitWait -->
        <test-method signature="PopUpClose()[pri:3, instance:com.UrbanLadder.TestCases.Positive_Testing@c9413d8]" started-at="2020-07-31T14:05:20 IST" name="PopUpClose" finished-at="2020-07-31T14:05:20 IST" duration-ms="184" status="PASS">
          <reporter-output>
          </reporter-output>
        </test-method> <!-- PopUpClose -->
        <test-method signature="Search_Bookshelves()[pri:4, instance:com.UrbanLadder.TestCases.Positive_Testing@c9413d8]" started-at="2020-07-31T14:05:20 IST" name="Search_Bookshelves" finished-at="2020-07-31T14:05:24 IST" duration-ms="3966" status="PASS">
          <reporter-output>
          </reporter-output>
        </test-method> <!-- Search_Bookshelves -->
        <test-method signature="SelectCategoryForBookshelves()[pri:5, instance:com.UrbanLadder.TestCases.Positive_Testing@c9413d8]" started-at="2020-07-31T14:05:24 IST" name="SelectCategoryForBookshelves" finished-at="2020-07-31T14:05:28 IST" duration-ms="4253" status="PASS">
          <reporter-output>
          </reporter-output>
        </test-method> <!-- SelectCategoryForBookshelves -->
        <test-method signature="Select_Bookshelf_Price()[pri:6, instance:com.UrbanLadder.TestCases.Positive_Testing@c9413d8]" started-at="2020-07-31T14:05:28 IST" name="Select_Bookshelf_Price" finished-at="2020-07-31T14:05:33 IST" duration-ms="4253" status="PASS">
          <reporter-output>
          </reporter-output>
        </test-method> <!-- Select_Bookshelf_Price -->
        <test-method signature="HoverOverStorageType()[pri:7, instance:com.UrbanLadder.TestCases.Positive_Testing@c9413d8]" started-at="2020-07-31T14:05:33 IST" name="HoverOverStorageType" finished-at="2020-07-31T14:05:34 IST" duration-ms="1214" status="PASS">
          <reporter-output>
          </reporter-output>
        </test-method> <!-- HoverOverStorageType -->
        <test-method signature="SelectOpenStorage()[pri:8, instance:com.UrbanLadder.TestCases.Positive_Testing@c9413d8]" started-at="2020-07-31T14:05:34 IST" name="SelectOpenStorage" finished-at="2020-07-31T14:05:39 IST" duration-ms="5180" status="PASS">
          <reporter-output>
          </reporter-output>
        </test-method> <!-- SelectOpenStorage -->
        <test-method signature="AssertionCheckForBookshelves()[pri:9, instance:com.UrbanLadder.TestCases.Positive_Testing@c9413d8]" started-at="2020-07-31T14:05:39 IST" name="AssertionCheckForBookshelves" finished-at="2020-07-31T14:05:39 IST" duration-ms="488" status="PASS">
          <reporter-output>
          </reporter-output>
        </test-method> <!-- AssertionCheckForBookshelves -->
        <test-method signature="Bookshelves_ScreenShot()[pri:10, instance:com.UrbanLadder.TestCases.Positive_Testing@c9413d8]" started-at="2020-07-31T14:05:39 IST" name="Bookshelves_ScreenShot" finished-at="2020-07-31T14:05:41 IST" duration-ms="1554" status="PASS">
          <reporter-output>
          </reporter-output>
        </test-method> <!-- Bookshelves_ScreenShot -->
        <test-method signature="WriteExcelBookshelves()[pri:11, instance:com.UrbanLadder.TestCases.Positive_Testing@c9413d8]" started-at="2020-07-31T14:05:41 IST" name="WriteExcelBookshelves" finished-at="2020-07-31T14:05:41 IST" duration-ms="410" status="PASS">
          <reporter-output>
          </reporter-output>
        </test-method> <!-- WriteExcelBookshelves -->
        <test-method signature="Search_StudyChairs()[pri:12, instance:com.UrbanLadder.TestCases.Positive_Testing@c9413d8]" started-at="2020-07-31T14:05:41 IST" name="Search_StudyChairs" finished-at="2020-07-31T14:05:46 IST" duration-ms="4132" status="PASS">
          <reporter-output>
          </reporter-output>
        </test-method> <!-- Search_StudyChairs -->
        <test-method signature="SelectCategoryForStudyChairs()[pri:13, instance:com.UrbanLadder.TestCases.Positive_Testing@c9413d8]" started-at="2020-07-31T14:05:46 IST" name="SelectCategoryForStudyChairs" finished-at="2020-07-31T14:05:51 IST" duration-ms="5222" status="PASS">
          <reporter-output>
          </reporter-output>
        </test-method> <!-- SelectCategoryForStudyChairs -->
        <test-method signature="AssertionCheckForStudyChairs()[pri:14, instance:com.UrbanLadder.TestCases.Positive_Testing@c9413d8]" started-at="2020-07-31T14:05:51 IST" name="AssertionCheckForStudyChairs" finished-at="2020-07-31T14:05:51 IST" duration-ms="55" status="PASS">
          <reporter-output>
          </reporter-output>
        </test-method> <!-- AssertionCheckForStudyChairs -->
        <test-method signature="Study_Chairs_ScreenShot()[pri:15, instance:com.UrbanLadder.TestCases.Positive_Testing@c9413d8]" started-at="2020-07-31T14:05:51 IST" name="Study_Chairs_ScreenShot" finished-at="2020-07-31T14:05:52 IST" duration-ms="1492" status="PASS">
          <reporter-output>
          </reporter-output>
        </test-method> <!-- Study_Chairs_ScreenShot -->
        <test-method signature="WriteExcelChairs()[pri:16, instance:com.UrbanLadder.TestCases.Positive_Testing@c9413d8]" started-at="2020-07-31T14:05:52 IST" name="WriteExcelChairs" finished-at="2020-07-31T14:05:54 IST" duration-ms="1398" status="PASS">
          <reporter-output>
          </reporter-output>
        </test-method> <!-- WriteExcelChairs -->
        <test-method signature="Search_Table()[pri:17, instance:com.UrbanLadder.TestCases.Positive_Testing@c9413d8]" started-at="2020-07-31T14:05:54 IST" name="Search_Table" finished-at="2020-07-31T14:06:25 IST" duration-ms="31455" status="PASS">
          <reporter-output>
          </reporter-output>
        </test-method> <!-- Search_Table -->
        <test-method signature="Select_Table()[pri:18, instance:com.UrbanLadder.TestCases.Positive_Testing@c9413d8]" started-at="2020-07-31T14:06:25 IST" name="Select_Table" finished-at="2020-07-31T14:06:38 IST" duration-ms="12962" status="PASS">
          <reporter-output>
          </reporter-output>
        </test-method> <!-- Select_Table -->
      </class> <!-- com.UrbanLadder.TestCases.Positive_Testing -->
    </test> <!-- Positive Testing -->
    <test started-at="2020-07-31T14:06:38 IST" name="Negative Testing" finished-at="2020-07-31T14:07:44 IST" duration-ms="65651">
      <class name="com.UrbanLadder.TestCases.Negative_Testing">
        <test-method is-config="true" signature="openbrowser()[pri:0, instance:com.UrbanLadder.TestCases.Negative_Testing@2a76b80a]" started-at="2020-07-31T14:06:38 IST" name="openbrowser" finished-at="2020-07-31T14:07:08 IST" duration-ms="30219" status="PASS">
          <reporter-output>
          </reporter-output>
        </test-method> <!-- openbrowser -->
        <test-method signature="Negative_Testing_SignUpPopup()[pri:1, instance:com.UrbanLadder.TestCases.Negative_Testing@2a76b80a]" started-at="2020-07-31T14:07:08 IST" name="Negative_Testing_SignUpPopup" finished-at="2020-07-31T14:07:16 IST" duration-ms="7964" status="PASS">
          <reporter-output>
          </reporter-output>
        </test-method> <!-- Negative_Testing_SignUpPopup -->
        <test-method is-config="true" signature="closebrowser()[pri:0, instance:com.UrbanLadder.TestCases.Negative_Testing@2a76b80a]" started-at="2020-07-31T14:07:16 IST" name="closebrowser" finished-at="2020-07-31T14:07:17 IST" duration-ms="822" status="PASS">
          <reporter-output>
          </reporter-output>
        </test-method> <!-- closebrowser -->
        <test-method is-config="true" signature="openbrowser()[pri:0, instance:com.UrbanLadder.TestCases.Negative_Testing@2a76b80a]" started-at="2020-07-31T14:07:17 IST" name="openbrowser" finished-at="2020-07-31T14:07:27 IST" duration-ms="9461" status="PASS">
          <reporter-output>
          </reporter-output>
        </test-method> <!-- openbrowser -->
        <test-method signature="Negative_Testing__TrackOrders()[pri:2, instance:com.UrbanLadder.TestCases.Negative_Testing@2a76b80a]" started-at="2020-07-31T14:07:27 IST" name="Negative_Testing__TrackOrders" finished-at="2020-07-31T14:07:43 IST" duration-ms="16351" status="PASS">
          <reporter-output>
          </reporter-output>
        </test-method> <!-- Negative_Testing__TrackOrders -->
        <test-method is-config="true" signature="closebrowser()[pri:0, instance:com.UrbanLadder.TestCases.Negative_Testing@2a76b80a]" started-at="2020-07-31T14:07:43 IST" name="closebrowser" finished-at="2020-07-31T14:07:44 IST" duration-ms="830" status="PASS">
          <reporter-output>
          </reporter-output>
        </test-method> <!-- closebrowser -->
      </class> <!-- com.UrbanLadder.TestCases.Negative_Testing -->
    </test> <!-- Negative Testing -->
  </suite> <!-- Suite -->
</testng-results>
